<?xml version="1.0" encoding="UTF-8"?>
<coverage generated="1540101461368" clover="3.2.0">
  <project timestamp="1540101461368" name="All files">
    <metrics statements="28" coveredstatements="6" conditionals="17" coveredconditionals="1" methods="14" coveredmethods="3" elements="59" coveredelements="10" complexity="0" loc="28" ncloc="28" packages="1" files="3" classes="3">
      <file name="Carousel.js" path="/Users/marksuzuki/RandomSimpleReactProjects/animalAdoption/src/Carousel.js">
        <metrics statements="10" coveredstatements="0" conditionals="11" coveredconditionals="0" methods="5" coveredmethods="0"/>
        <line num="11" count="0" type="cond" truecount="0" falsecount="5"/>
        <line num="12" count="0" type="stmt"/>
        <line num="14" count="0" type="stmt"/>
        <line num="18" count="0" type="stmt"/>
        <line num="24" count="0" type="stmt"/>
        <line num="26" count="0" type="stmt"/>
        <line num="27" count="0" type="cond" truecount="0" falsecount="4"/>
        <line num="28" count="0" type="stmt"/>
        <line num="31" count="0" type="stmt"/>
        <line num="37" count="0" type="stmt"/>
      </file>
      <file name="Details.js" path="/Users/marksuzuki/RandomSimpleReactProjects/animalAdoption/src/Details.js">
        <metrics statements="12" coveredstatements="5" conditionals="6" coveredconditionals="1" methods="5" coveredmethods="3"/>
        <line num="7" count="1" type="stmt"/>
        <line num="15" count="2" type="stmt"/>
        <line num="22" count="0" type="cond" truecount="0" falsecount="2"/>
        <line num="23" count="0" type="stmt"/>
        <line num="25" count="0" type="stmt"/>
        <line num="27" count="0" type="stmt"/>
        <line num="40" count="0" type="stmt"/>
        <line num="43" count="1" type="stmt"/>
        <line num="45" count="3" type="cond" truecount="1" falsecount="1"/>
        <line num="46" count="3" type="stmt"/>
        <line num="57" count="0" type="stmt"/>
        <line num="59" count="0" type="stmt"/>
      </file>
      <file name="Modal.js" path="/Users/marksuzuki/RandomSimpleReactProjects/animalAdoption/src/Modal.js">
        <metrics statements="6" coveredstatements="1" conditionals="0" coveredconditionals="0" methods="4" coveredmethods="0"/>
        <line num="4" count="1" type="stmt"/>
        <line num="8" count="0" type="stmt"/>
        <line num="9" count="0" type="stmt"/>
        <line num="13" count="0" type="stmt"/>
        <line num="17" count="0" type="stmt"/>
        <line num="21" count="0" type="stmt"/>
      </file>
    </metrics>
  </project>
</coverage>
