{"/Users/marksuzuki/RandomSimpleReactProjects/animalAdoption/src/Carousel.js": {"path":"/Users/marksuzuki/RandomSimpleReactProjects/animalAdoption/src/Carousel.js","statementMap":{"0":{"start":{"line":11,"column":4},"end":{"line":13,"column":5}},"1":{"start":{"line":12,"column":6},"end":{"line":12,"column":75}},"2":{"start":{"line":12,"column":50},"end":{"line":12,"column":73}},"3":{"start":{"line":14,"column":4},"end":{"line":14,"column":22}},"4":{"start":{"line":18,"column":4},"end":{"line":20,"column":7}},"5":{"start":{"line":24,"column":31},"end":{"line":24,"column":41}},"6":{"start":{"line":26,"column":15},"end":{"line":26,"column":46}},"7":{"start":{"line":27,"column":4},"end":{"line":29,"column":5}},"8":{"start":{"line":28,"column":6},"end":{"line":28,"column":34}},"9":{"start":{"line":31,"column":4},"end":{"line":48,"column":5}},"10":{"start":{"line":37,"column":10},"end":{"line":44,"column":12}}},"fnMap":{"0":{"name":"(anonymous_0)","decl":{"start":{"line":9,"column":2},"end":{"line":9,"column":3}},"loc":{"start":{"line":9,"column":45},"end":{"line":15,"column":3}},"line":9},"1":{"name":"(anonymous_1)","decl":{"start":{"line":12,"column":41},"end":{"line":12,"column":42}},"loc":{"start":{"line":12,"column":50},"end":{"line":12,"column":73}},"line":12},"2":{"name":"(anonymous_2)","decl":{"start":{"line":17,"column":21},"end":{"line":17,"column":22}},"loc":{"start":{"line":17,"column":30},"end":{"line":21,"column":3}},"line":17},"3":{"name":"(anonymous_3)","decl":{"start":{"line":23,"column":2},"end":{"line":23,"column":3}},"loc":{"start":{"line":23,"column":11},"end":{"line":49,"column":3}},"line":23},"4":{"name":"(anonymous_4)","decl":{"start":{"line":35,"column":20},"end":{"line":35,"column":21}},"loc":{"start":{"line":37,"column":10},"end":{"line":44,"column":12}},"line":37}},"branchMap":{"0":{"loc":{"start":{"line":11,"column":4},"end":{"line":13,"column":5}},"type":"if","locations":[{"start":{"line":11,"column":4},"end":{"line":13,"column":5}},{"start":{"line":11,"column":4},"end":{"line":13,"column":5}}],"line":11},"1":{"loc":{"start":{"line":11,"column":8},"end":{"line":11,"column":51}},"type":"binary-expr","locations":[{"start":{"line":11,"column":8},"end":{"line":11,"column":13}},{"start":{"line":11,"column":17},"end":{"line":11,"column":29}},{"start":{"line":11,"column":33},"end":{"line":11,"column":51}}],"line":11},"2":{"loc":{"start":{"line":27,"column":4},"end":{"line":29,"column":5}},"type":"if","locations":[{"start":{"line":27,"column":4},"end":{"line":29,"column":5}},{"start":{"line":27,"column":4},"end":{"line":29,"column":5}}],"line":27},"3":{"loc":{"start":{"line":27,"column":8},"end":{"line":27,"column":46}},"type":"binary-expr","locations":[{"start":{"line":27,"column":8},"end":{"line":27,"column":22}},{"start":{"line":27,"column":26},"end":{"line":27,"column":46}}],"line":27},"4":{"loc":{"start":{"line":42,"column":23},"end":{"line":42,"column":55}},"type":"cond-expr","locations":[{"start":{"line":42,"column":42},"end":{"line":42,"column":50}},{"start":{"line":42,"column":53},"end":{"line":42,"column":55}}],"line":42}},"s":{"0":0,"1":0,"2":0,"3":0,"4":0,"5":0,"6":0,"7":0,"8":0,"9":0,"10":0},"f":{"0":0,"1":0,"2":0,"3":0,"4":0},"b":{"0":[0,0],"1":[0,0,0],"2":[0,0],"3":[0,0],"4":[0,0]},"_coverageSchema":"332fd63041d2c1bcb487cc26dd0d5f7d97098a6c","hash":"ec2c99ec1007a522a8577b6363570cadd20a70ad"}
,"/Users/marksuzuki/RandomSimpleReactProjects/animalAdoption/src/Details.js": {"path":"/Users/marksuzuki/RandomSimpleReactProjects/animalAdoption/src/Details.js","statementMap":{"0":{"start":{"line":7,"column":18},"end":{"line":10,"column":2}},"1":{"start":{"line":15,"column":4},"end":{"line":41,"column":9}},"2":{"start":{"line":22,"column":8},"end":{"line":26,"column":9}},"3":{"start":{"line":23,"column":10},"end":{"line":23,"column":61}},"4":{"start":{"line":25,"column":10},"end":{"line":25,"column":50}},"5":{"start":{"line":27,"column":8},"end":{"line":37,"column":11}},"6":{"start":{"line":40,"column":8},"end":{"line":40,"column":22}},"7":{"start":{"line":43,"column":22},"end":{"line":43,"column":73}},"8":{"start":{"line":45,"column":4},"end":{"line":47,"column":5}},"9":{"start":{"line":46,"column":6},"end":{"line":46,"column":33}},"10":{"start":{"line":57,"column":8},"end":{"line":57,"column":18}},"11":{"start":{"line":59,"column":4},"end":{"line":78,"column":6}}},"fnMap":{"0":{"name":"(anonymous_0)","decl":{"start":{"line":14,"column":2},"end":{"line":14,"column":3}},"loc":{"start":{"line":14,"column":22},"end":{"line":42,"column":3}},"line":14},"1":{"name":"(anonymous_1)","decl":{"start":{"line":20,"column":12},"end":{"line":20,"column":13}},"loc":{"start":{"line":20,"column":20},"end":{"line":38,"column":7}},"line":20},"2":{"name":"(anonymous_2)","decl":{"start":{"line":39,"column":13},"end":{"line":39,"column":14}},"loc":{"start":{"line":39,"column":19},"end":{"line":41,"column":7}},"line":39},"3":{"name":"(anonymous_3)","decl":{"start":{"line":43,"column":16},"end":{"line":43,"column":17}},"loc":{"start":{"line":43,"column":22},"end":{"line":43,"column":73}},"line":43},"4":{"name":"(anonymous_4)","decl":{"start":{"line":44,"column":2},"end":{"line":44,"column":3}},"loc":{"start":{"line":44,"column":11},"end":{"line":79,"column":3}},"line":44}},"branchMap":{"0":{"loc":{"start":{"line":22,"column":8},"end":{"line":26,"column":9}},"type":"if","locations":[{"start":{"line":22,"column":8},"end":{"line":26,"column":9}},{"start":{"line":22,"column":8},"end":{"line":26,"column":9}}],"line":22},"1":{"loc":{"start":{"line":45,"column":4},"end":{"line":47,"column":5}},"type":"if","locations":[{"start":{"line":45,"column":4},"end":{"line":47,"column":5}},{"start":{"line":45,"column":4},"end":{"line":47,"column":5}}],"line":45},"2":{"loc":{"start":{"line":67,"column":11},"end":{"line":75,"column":18}},"type":"cond-expr","locations":[{"start":{"line":68,"column":12},"end":{"line":74,"column":20}},{"start":{"line":75,"column":14},"end":{"line":75,"column":18}}],"line":67}},"s":{"0":1,"1":2,"2":0,"3":0,"4":0,"5":0,"6":0,"7":1,"8":3,"9":3,"10":0,"11":0},"f":{"0":2,"1":0,"2":0,"3":1,"4":3},"b":{"0":[0,0],"1":[3,0],"2":[0,0]},"_coverageSchema":"332fd63041d2c1bcb487cc26dd0d5f7d97098a6c","hash":"ade186226cc403fe1dfe41743d1019d18c3dec8f"}
,"/Users/marksuzuki/RandomSimpleReactProjects/animalAdoption/src/Modal.js": {"path":"/Users/marksuzuki/RandomSimpleReactProjects/animalAdoption/src/Modal.js","statementMap":{"0":{"start":{"line":4,"column":18},"end":{"line":4,"column":50}},"1":{"start":{"line":8,"column":4},"end":{"line":8,"column":17}},"2":{"start":{"line":9,"column":4},"end":{"line":9,"column":44}},"3":{"start":{"line":13,"column":4},"end":{"line":13,"column":35}},"4":{"start":{"line":17,"column":4},"end":{"line":17,"column":35}},"5":{"start":{"line":21,"column":4},"end":{"line":21,"column":54}}},"fnMap":{"0":{"name":"(anonymous_0)","decl":{"start":{"line":7,"column":2},"end":{"line":7,"column":3}},"loc":{"start":{"line":7,"column":21},"end":{"line":10,"column":3}},"line":7},"1":{"name":"(anonymous_1)","decl":{"start":{"line":12,"column":2},"end":{"line":12,"column":3}},"loc":{"start":{"line":12,"column":22},"end":{"line":14,"column":3}},"line":12},"2":{"name":"(anonymous_2)","decl":{"start":{"line":16,"column":2},"end":{"line":16,"column":3}},"loc":{"start":{"line":16,"column":25},"end":{"line":18,"column":3}},"line":16},"3":{"name":"(anonymous_3)","decl":{"start":{"line":20,"column":2},"end":{"line":20,"column":3}},"loc":{"start":{"line":20,"column":11},"end":{"line":22,"column":3}},"line":20}},"branchMap":{},"s":{"0":1,"1":0,"2":0,"3":0,"4":0,"5":0},"f":{"0":0,"1":0,"2":0,"3":0},"b":{},"_coverageSchema":"332fd63041d2c1bcb487cc26dd0d5f7d97098a6c","hash":"4aedaf80b1b5eee8e2d643b847abbf19d86fed93"}
}
